[2026-03-22 13:42 UTC] Nitter JSON list fetch failed: Extra data: line 1 column 4 (char 3)
[2026-03-22 13:42 UTC] Feed parse error (export.arxiv.org): <unknown>:2:0: syntax error
[2026-03-22 13:42 UTC] Feed parse error (export.arxiv.org): <unknown>:2:0: syntax error
[2026-03-22 13:42 UTC] Feed parse error (export.arxiv.org): <unknown>:2:0: syntax error
[2026-03-22 13:42 UTC] Feed parse error (export.arxiv.org): <unknown>:2:0: syntax error
[2026-03-22 13:42 UTC] Feed parse error (journals.sagepub.com): <unknown>:8:0: syntax error
[2026-03-22 13:42 UTC] Feed parse error (dl.acm.org): <unknown>:8:0: syntax error
[2026-03-22 13:42 UTC] Feed parse error (academic.oup.com): <unknown>:14:45: not well-formed (invalid token)
[2026-03-22 13:42 UTC] Feed parse error (cyber.harvard.edu): <unknown>:2:102: not well-formed (invalid token)
[2026-03-22 13:42 UTC] Feed parse error (www.turing.ac.uk): <unknown>:2:751: not well-formed (invalid token)
[2026-03-22 13:42 UTC] Feed parse error (points.datasociety.net): <unknown>:2:751: not well-formed (invalid token)
[2026-03-22 13:42 UTC] Feed parse error (knightcolumbia.org): <unknown>:17:50: not well-formed (invalid token)
[2026-03-22 13:42 UTC] Feed parse error (5rightsfoundation.com): <unknown>:8:490: not well-formed (invalid token)
[2026-03-22 13:42 UTC] Feed parse error (www.commonsensemedia.org): <unknown>:40:62: not well-formed (invalid token)
[2026-03-22 13:42 UTC] Feed parse error (www.unicef-irc.org): <unknown>:2:751: not well-formed (invalid token)
[2026-03-22 13:42 UTC] Feed parse error (techpolicyinstitute.org): <unknown>:2:189: not well-formed (invalid token)
[2026-03-22 13:42 UTC] Feed parse error (www.rand.org): <unknown>:5:2: mismatched tag
[2026-03-22 13:42 UTC] Feed parse error (www.prospectmagazine.co.uk): <unknown>:31:76: not well-formed (invalid token)
[2026-03-22 13:42 UTC] Feed parse error (garymarcus.substack.com): <unknown>:2:751: not well-formed (invalid token)
[2026-03-22 13:42 UTC] Feed parse error (thezvi.substack.com): <unknown>:2:751: not well-formed (invalid token)
[2026-03-22 13:42 UTC] Feed parse error (astralcodexten.substack.com): <unknown>:2:751: not well-formed (invalid token)
[2026-03-22 13:42 UTC] Feed parse error (eugenewei.substack.com): <unknown>:2:751: not well-formed (invalid token)
[2026-03-22 13:42 UTC] Feed parse error (gwern.net): <unknown>:2:751: not well-formed (invalid token)
[2026-03-22 13:42 UTC] Feed parse error (abebabirhane.substack.com): <unknown>:2:751: not well-formed (invalid token)
[2026-03-22 13:42 UTC] Feed parse error (safiyaunoble.substack.com): <unknown>:2:751: not well-formed (invalid token)
[2026-03-22 13:42 UTC] Feed parse error (sbubeck.substack.com): <unknown>:2:751: not well-formed (invalid token)
[2026-03-22 13:43 UTC] Feed parse error (aisnakeoil.substack.com): <unknown>:2:751: not well-formed (invalid token)
[2026-03-22 13:43 UTC] Feed parse error (theconvivialsociety.substack.com): <unknown>:2:751: not well-formed (invalid token)
[2026-03-22 13:43 UTC] Feed parse error (asteriskmag.com): <unknown>:2:0: syntax error
[2026-03-22 13:43 UTC] Feed parse error (logicmag.io): <unknown>:117:150: not well-formed (invalid token)
[2026-03-22 13:43 UTC] Feed parse error (theprepared.com): <unknown>:2:0: syntax error
[2026-03-22 13:43 UTC] Feed parse error (thealgorithmicbridge.substack.com): <unknown>:2:751: not well-formed (invalid token)
[2026-03-22 13:43 UTC] Feed parse error (chinai.substack.com): <unknown>:2:751: not well-formed (invalid token)
[2026-03-22 13:43 UTC] Feed parse error (thegradientpub.substack.com): <unknown>:2:751: not well-formed (invalid token)
[2026-03-22 13:43 UTC] Feed parse error (www.garbageday.email): <unknown>:94:128942: not well-formed (invalid token)
[2026-03-22 13:43 UTC] Feed parse error (thereckoning.substack.com): <unknown>:2:751: not well-formed (invalid token)
[2026-03-22 13:43 UTC] Feed parse error (mattersoftech.substack.com): <unknown>:2:751: not well-formed (invalid token)
[2026-03-22 13:43 UTC] Feed parse error (multiversenewsletter.substack.com): <unknown>:2:751: not well-formed (invalid token)
[2026-03-22 13:43 UTC] Feed parse error (theintersection.substack.com): <unknown>:2:751: not well-formed (invalid token)
[2026-03-22 13:43 UTC] Feed parse error (thereboot.com): <unknown>:2:0: syntax error
[2026-03-22 13:43 UTC] Feed parse error (www.media.mit.edu): <unknown>:10:29: undefined entity
[2026-03-22 13:43 UTC] Feed parse error (www.media.mit.edu): <unknown>:10:29: undefined entity
[2026-03-22 13:43 UTC] Feed parse error (www.media.mit.edu): <unknown>:10:29: undefined entity
[2026-03-22 13:43 UTC] Feed parse error (www.media.mit.edu): <unknown>:10:29: undefined entity
[2026-03-22 13:43 UTC] Feed parse error (www.media.mit.edu): <unknown>:10:29: undefined entity
